<?xml version="1.0" encoding="UTF-8"?>
<testsuites name="Customer Login" time="282" tests="1" failures="1" errors="0">
   <testsuite name="Customer Login" tests="1" failures="1" errors="0" time="282" timestamp="2018-05-31 12:04:48" hostname="SRAVANIBHARAT - DESKTOP-7OG2TPC" id="Test Suites/Mobile/Customer Login">
      <properties>
         <property name="deviceName" value="emulator-5554 (Android SDK built for x86 - Android 8.1.0)"/>
         <property name="devicePlatform" value=""/>
         <property name="logFolder" value="G:\\Katalon Projects\\DigiBank_Demo\\Reports\\Mobile\\Customer Login\\20180531_120444"/>
         <property name="logFiles" value="G:\\Katalon Projects\\DigiBank_Demo\\Reports\\Mobile\\Customer Login\\20180531_120444\\appium.log, G:\\Katalon Projects\\DigiBank_Demo\\Reports\\Mobile\\Customer Login\\20180531_120444\\execution0.log"/>
         <property name="attachments" value="G:\\Katalon Projects\\DigiBank_Demo\\Reports\\Mobile\\Customer Login\\20180531_120444\\1527748762072.png, G:\\Katalon Projects\\DigiBank_Demo\\Reports\\Mobile\\Customer Login\\20180531_120444\\1527748767107.png"/>
         <property name="hostName" value="SRAVANIBHARAT - DESKTOP-7OG2TPC"/>
         <property name="os" value="Windows 10 64bit"/>
         <property name="katalonVersion" value="5.4.1.1"/>
         <property name="deviceOS" value="Android"/>
         <property name="appiumVersion" value="1.8.0"/>
         <property name="deviceModel" value="Android SDK built for x86"/>
         <property name="hostAddress" value="192.168.43.119"/>
         <property name="deviceManufacturer" value="Google"/>
         <property name="deviceId" value="emulator-5554"/>
         <property name="deviceName" value="emulator-5554 (Android SDK built for x86 - Android 8.1.0)"/>
         <property name="deviceOSVersion" value="8.1.0"/>
      </properties>
      <testcase name="Test Cases/Mobile/DigibankSG_Login_Module/DigiBankSG_Login_TC001_BlankUserName_ErrorValidation" classname="Test Cases/Mobile/DigibankSG_Login_Module/DigiBankSG_Login_TC001_BlankUserName_ErrorValidation" status="PASSED">
         <system-out><![CDATA[2018-05-31 12:04:49 - [TEST_CASE][PASSED] - Test Cases/Mobile/DigibankSG_Login_Module/DigiBankSG_Login_TC001_BlankUserName_ErrorValidation: Test Cases/Mobile/DigibankSG_Login_Module/DigiBankSG_Login_TC001_BlankUserName_ErrorValidation

2018-05-31 12:04:49 - [TEST_STEP][PASSED] - startApplication: Started app at: 'G:\APK Files\DBS digibank SG_v2.0.002_apkpure.com.apk'

2018-05-31 12:06:04 - [MESSAGE][PASSED] - Started app at: 'G:\APK Files\DBS digibank SG_v2.0.002_apkpure.com.apk'

2018-05-31 12:06:04 - [TEST_STEP][PASSED] - tap: Tapped on element 'Object Repository/Mobile/DigiBankSG_Landing_OR/LandingPageFirstTimeUse_btn_SeeWhatsNew'

2018-05-31 12:06:07 - [MESSAGE][PASSED] - Tapped on element 'Object Repository/Mobile/DigiBankSG_Landing_OR/LandingPageFirstTimeUse_btn_SeeWhatsNew'

2018-05-31 12:06:07 - [TEST_STEP][PASSED] - delay: Delayed 5 second(s)

2018-05-31 12:06:12 - [MESSAGE][PASSED] - Delayed 5 second(s)

2018-05-31 12:06:12 - [TEST_STEP][PASSED] - tap: Tapped on element 'Object Repository/Mobile/DigiBankSG_Landing_OR/LandingPageFirstTimeUse_img_View5'

2018-05-31 12:06:14 - [MESSAGE][PASSED] - Tapped on element 'Object Repository/Mobile/DigiBankSG_Landing_OR/LandingPageFirstTimeUse_img_View5'

2018-05-31 12:06:14 - [TEST_STEP][PASSED] - delay: Delayed 5 second(s)

2018-05-31 12:06:19 - [MESSAGE][PASSED] - Delayed 5 second(s)

2018-05-31 12:06:19 - [TEST_STEP][PASSED] - tap: Tapped on element 'Object Repository/Mobile/DigiBankSG_Landing_OR/LandingPageFirstTimeUse_txtview_StartNow'

2018-05-31 12:06:20 - [MESSAGE][PASSED] - Tapped on element 'Object Repository/Mobile/DigiBankSG_Landing_OR/LandingPageFirstTimeUse_txtview_StartNow'

2018-05-31 12:06:20 - [TEST_STEP][PASSED] - tap: Tapped on element 'Object Repository/Mobile/DigiBankSG_Landing_OR/LandingPage_txtview_Login'

2018-05-31 12:06:37 - [MESSAGE][PASSED] - Tapped on element 'Object Repository/Mobile/DigiBankSG_Landing_OR/LandingPage_txtview_Login'

2018-05-31 12:06:37 - [TEST_STEP][PASSED] - tap: Tapped on element 'Object Repository/Mobile/DigiBankSG_Login_OR/LoginPage_txtedit_UserID'

2018-05-31 12:06:44 - [MESSAGE][PASSED] - Tapped on element 'Object Repository/Mobile/DigiBankSG_Login_OR/LoginPage_txtedit_UserID'

2018-05-31 12:06:44 - [TEST_STEP][PASSED] - setText: Text '' has been set to element 'Object Repository/Mobile/DigiBankSG_Login_OR/LoginPage_txtedit_UserID'

2018-05-31 12:06:44 - [MESSAGE][WARNING] - Timeout '0' is invalid. Using default page load timeout: '30'

2018-05-31 12:06:46 - [MESSAGE][PASSED] - Text '' has been set to element 'Object Repository/Mobile/DigiBankSG_Login_OR/LoginPage_txtedit_UserID'

2018-05-31 12:06:46 - [TEST_STEP][PASSED] - hideKeyboard: Keyboard is hidden

2018-05-31 12:06:49 - [MESSAGE][PASSED] - Keyboard is hidden

2018-05-31 12:06:49 - [TEST_STEP][PASSED] - tap: Tapped on element 'Object Repository/Mobile/DigiBankSG_Login_OR/LoginPage_txtedit_PIN'

2018-05-31 12:06:49 - [MESSAGE][WARNING] - Timeout '0' is invalid. Using default page load timeout: '30'

2018-05-31 12:06:51 - [MESSAGE][PASSED] - Tapped on element 'Object Repository/Mobile/DigiBankSG_Login_OR/LoginPage_txtedit_PIN'

2018-05-31 12:06:51 - [TEST_STEP][PASSED] - setText: Text '123456' has been set to element 'Object Repository/Mobile/DigiBankSG_Login_OR/LoginPage_txtedit_PIN'

2018-05-31 12:06:51 - [MESSAGE][WARNING] - Timeout '0' is invalid. Using default page load timeout: '30'

2018-05-31 12:06:53 - [MESSAGE][PASSED] - Text '123456' has been set to element 'Object Repository/Mobile/DigiBankSG_Login_OR/LoginPage_txtedit_PIN'

2018-05-31 12:06:53 - [TEST_STEP][PASSED] - hideKeyboard: Keyboard is hidden

2018-05-31 12:06:54 - [MESSAGE][PASSED] - Keyboard is hidden

2018-05-31 12:06:54 - [TEST_STEP][PASSED] - tap: Tapped on element 'Object Repository/Mobile/DigiBankSG_Login_OR/LoginPage_button_Login'

2018-05-31 12:06:54 - [MESSAGE][WARNING] - Timeout '0' is invalid. Using default page load timeout: '30'

2018-05-31 12:06:55 - [MESSAGE][PASSED] - Tapped on element 'Object Repository/Mobile/DigiBankSG_Login_OR/LoginPage_button_Login'

2018-05-31 12:06:55 - [TEST_STEP][PASSED] - verifyElementAttributeValue: Object 'Object Repository/Mobile/DigiBankSG_Login_OR/LoginPage_txtview_InvalidLoginDetails' has attribute 'text' with value 'Sorry, you have entered an invalid User ID. Please try again.'

2018-05-31 12:06:55 - [MESSAGE][WARNING] - Timeout '0' is invalid. Using default page load timeout: '30'

2018-05-31 12:06:55 - [MESSAGE][PASSED] - Object 'Object Repository/Mobile/DigiBankSG_Login_OR/LoginPage_txtview_InvalidLoginDetails' has attribute 'text' with value 'Sorry, you have entered an invalid User ID. Please try again.'

2018-05-31 12:06:55 - [TEST_STEP][PASSED] - closeApplication: Close app successfully

2018-05-31 12:07:00 - [MESSAGE][PASSED] - Close app successfully]]></system-out>
         <system-err><![CDATA[]]></system-err>
      </testcase>
      <testcase name="Test Cases/Mobile/DigibankSG_Login_Module/DigiBankSG_Login_TC001_BlankUserName_ErrorValidation_Fail" classname="Test Cases/Mobile/DigibankSG_Login_Module/DigiBankSG_Login_TC001_BlankUserName_ErrorValidation_Fail" status="FAILED">
         <failure type="FAILED" message="Unable to verify if object 'Object Repository/Mobile/DigiBankSG_Login_OR/LoginPage_txtview_InvalidLoginDetails' has attribute 'text' with value 'Sorry, you have entered an valid User ID. Please try again.' (Root cause: Object 'Object Repository/Mobile/DigiBankSG_Login_OR/LoginPage_txtview_InvalidLoginDetails' has attribute 'text' with actual value 'Sorry, you have entered an invalid User ID. Please try again.' instead of expected value 'Sorry, you have entered an valid User ID. Please try again.')"/>
         <system-out><![CDATA[2018-05-31 12:07:00 - [TEST_CASE][FAILED] - Test Cases/Mobile/DigibankSG_Login_Module/DigiBankSG_Login_TC001_BlankUserName_ErrorValidation_Fail: Test Cases/Mobile/DigibankSG_Login_Module/DigiBankSG_Login_TC001_BlankUserName_ErrorValidation_Fail FAILED because (of) Unable to verify if object 'Object Repository/Mobile/DigiBankSG_Login_OR/LoginPage_txtview_InvalidLoginDetails' has attribute 'text' with value 'Sorry, you have entered an valid User ID. Please try again.' (Root cause: Object 'Object Repository/Mobile/DigiBankSG_Login_OR/LoginPage_txtview_InvalidLoginDetails' has attribute 'text' with actual value 'Sorry, you have entered an invalid User ID. Please try again.' instead of expected value 'Sorry, you have entered an valid User ID. Please try again.')

2018-05-31 12:07:00 - [TEST_STEP][PASSED] - startApplication: Started app at: 'G:\APK Files\DBS digibank SG_v2.0.002_apkpure.com.apk'

2018-05-31 12:08:31 - [MESSAGE][PASSED] - Started app at: 'G:\APK Files\DBS digibank SG_v2.0.002_apkpure.com.apk'

2018-05-31 12:08:31 - [TEST_STEP][PASSED] - tap: Tapped on element 'Object Repository/Mobile/DigiBankSG_Landing_OR/LandingPageFirstTimeUse_btn_SeeWhatsNew'

2018-05-31 12:08:37 - [MESSAGE][PASSED] - Tapped on element 'Object Repository/Mobile/DigiBankSG_Landing_OR/LandingPageFirstTimeUse_btn_SeeWhatsNew'

2018-05-31 12:08:37 - [TEST_STEP][PASSED] - delay: Delayed 5 second(s)

2018-05-31 12:08:42 - [MESSAGE][PASSED] - Delayed 5 second(s)

2018-05-31 12:08:42 - [TEST_STEP][PASSED] - tap: Tapped on element 'Object Repository/Mobile/DigiBankSG_Landing_OR/LandingPageFirstTimeUse_img_View5'

2018-05-31 12:08:44 - [MESSAGE][PASSED] - Tapped on element 'Object Repository/Mobile/DigiBankSG_Landing_OR/LandingPageFirstTimeUse_img_View5'

2018-05-31 12:08:44 - [TEST_STEP][PASSED] - delay: Delayed 5 second(s)

2018-05-31 12:08:49 - [MESSAGE][PASSED] - Delayed 5 second(s)

2018-05-31 12:08:49 - [TEST_STEP][PASSED] - tap: Tapped on element 'Object Repository/Mobile/DigiBankSG_Landing_OR/LandingPageFirstTimeUse_txtview_StartNow'

2018-05-31 12:08:50 - [MESSAGE][PASSED] - Tapped on element 'Object Repository/Mobile/DigiBankSG_Landing_OR/LandingPageFirstTimeUse_txtview_StartNow'

2018-05-31 12:08:50 - [TEST_STEP][PASSED] - tap: Tapped on element 'Object Repository/Mobile/DigiBankSG_Landing_OR/LandingPage_txtview_Login'

2018-05-31 12:09:08 - [MESSAGE][PASSED] - Tapped on element 'Object Repository/Mobile/DigiBankSG_Landing_OR/LandingPage_txtview_Login'

2018-05-31 12:09:08 - [TEST_STEP][PASSED] - tap: Tapped on element 'Object Repository/Mobile/DigiBankSG_Login_OR/LoginPage_txtedit_UserID'

2018-05-31 12:09:13 - [MESSAGE][PASSED] - Tapped on element 'Object Repository/Mobile/DigiBankSG_Login_OR/LoginPage_txtedit_UserID'

2018-05-31 12:09:13 - [TEST_STEP][PASSED] - setText: Text '' has been set to element 'Object Repository/Mobile/DigiBankSG_Login_OR/LoginPage_txtedit_UserID'

2018-05-31 12:09:13 - [MESSAGE][WARNING] - Timeout '0' is invalid. Using default page load timeout: '30'

2018-05-31 12:09:15 - [MESSAGE][PASSED] - Text '' has been set to element 'Object Repository/Mobile/DigiBankSG_Login_OR/LoginPage_txtedit_UserID'

2018-05-31 12:09:15 - [TEST_STEP][PASSED] - hideKeyboard: Keyboard is hidden

2018-05-31 12:09:16 - [MESSAGE][PASSED] - Keyboard is hidden

2018-05-31 12:09:16 - [TEST_STEP][PASSED] - tap: Tapped on element 'Object Repository/Mobile/DigiBankSG_Login_OR/LoginPage_txtedit_PIN'

2018-05-31 12:09:16 - [MESSAGE][WARNING] - Timeout '0' is invalid. Using default page load timeout: '30'

2018-05-31 12:09:18 - [MESSAGE][PASSED] - Tapped on element 'Object Repository/Mobile/DigiBankSG_Login_OR/LoginPage_txtedit_PIN'

2018-05-31 12:09:18 - [TEST_STEP][PASSED] - setText: Text '123456' has been set to element 'Object Repository/Mobile/DigiBankSG_Login_OR/LoginPage_txtedit_PIN'

2018-05-31 12:09:18 - [MESSAGE][WARNING] - Timeout '0' is invalid. Using default page load timeout: '30'

2018-05-31 12:09:19 - [MESSAGE][PASSED] - Text '123456' has been set to element 'Object Repository/Mobile/DigiBankSG_Login_OR/LoginPage_txtedit_PIN'

2018-05-31 12:09:19 - [TEST_STEP][PASSED] - hideKeyboard: Keyboard is hidden

2018-05-31 12:09:20 - [MESSAGE][PASSED] - Keyboard is hidden

2018-05-31 12:09:20 - [TEST_STEP][PASSED] - tap: Tapped on element 'Object Repository/Mobile/DigiBankSG_Login_OR/LoginPage_button_Login'

2018-05-31 12:09:20 - [MESSAGE][WARNING] - Timeout '0' is invalid. Using default page load timeout: '30'

2018-05-31 12:09:21 - [MESSAGE][PASSED] - Tapped on element 'Object Repository/Mobile/DigiBankSG_Login_OR/LoginPage_button_Login'

2018-05-31 12:09:21 - [TEST_STEP][FAILED] - verifyElementAttributeValue: Unable to verify if object 'Object Repository/Mobile/DigiBankSG_Login_OR/LoginPage_txtview_InvalidLoginDetails' has attribute 'text' with value 'Sorry, you have entered an valid User ID. Please try again.' (Root cause: Object 'Object Repository/Mobile/DigiBankSG_Login_OR/LoginPage_txtview_InvalidLoginDetails' has attribute 'text' with actual value 'Sorry, you have entered an invalid User ID. Please try again.' instead of expected value 'Sorry, you have entered an valid User ID. Please try again.')

2018-05-31 12:09:21 - [MESSAGE][WARNING] - Timeout '0' is invalid. Using default page load timeout: '30'

2018-05-31 12:09:27 - [MESSAGE][FAILED] - Object 'Object Repository/Mobile/DigiBankSG_Login_OR/LoginPage_txtview_InvalidLoginDetails' has attribute 'text' with actual value 'Sorry, you have entered an invalid User ID. Please try again.' instead of expected value 'Sorry, you have entered an valid User ID. Please try again.'
[[ATTACHMENT|G:\\Katalon Projects\\DigiBank_Demo\\Reports\\Mobile\\Customer Login\\20180531_120444\\1527748762072.png]]

2018-05-31 12:09:28 - [MESSAGE][FAILED] - Unable to verify if object 'Object Repository/Mobile/DigiBankSG_Login_OR/LoginPage_txtview_InvalidLoginDetails' has attribute 'text' with value 'Sorry, you have entered an valid User ID. Please try again.' (Root cause: Object 'Object Repository/Mobile/DigiBankSG_Login_OR/LoginPage_txtview_InvalidLoginDetails' has attribute 'text' with actual value 'Sorry, you have entered an invalid User ID. Please try again.' instead of expected value 'Sorry, you have entered an valid User ID. Please try again.')
[[ATTACHMENT|G:\\Katalon Projects\\DigiBank_Demo\\Reports\\Mobile\\Customer Login\\20180531_120444\\1527748767107.png]]]]></system-out>
         <system-err><![CDATA[2018-05-31 12:07:00 - [TEST_CASE][FAILED] - Test Cases/Mobile/DigibankSG_Login_Module/DigiBankSG_Login_TC001_BlankUserName_ErrorValidation_Fail: Test Cases/Mobile/DigibankSG_Login_Module/DigiBankSG_Login_TC001_BlankUserName_ErrorValidation_Fail FAILED because (of) Unable to verify if object 'Object Repository/Mobile/DigiBankSG_Login_OR/LoginPage_txtview_InvalidLoginDetails' has attribute 'text' with value 'Sorry, you have entered an valid User ID. Please try again.' (Root cause: Object 'Object Repository/Mobile/DigiBankSG_Login_OR/LoginPage_txtview_InvalidLoginDetails' has attribute 'text' with actual value 'Sorry, you have entered an invalid User ID. Please try again.' instead of expected value 'Sorry, you have entered an valid User ID. Please try again.')]]></system-err>
      </testcase>
      <system-out><![CDATA[2018-05-31 12:04:48 - [TEST_SUITE][FAILED] - Customer Login: Test Cases/Mobile/DigibankSG_Login_Module/DigiBankSG_Login_TC001_BlankUserName_ErrorValidation_Fail FAILED because (of) Unable to verify if object 'Object Repository/Mobile/DigiBankSG_Login_OR/LoginPage_txtview_InvalidLoginDetails' has attribute 'text' with value 'Sorry, you have entered an valid User ID. Please try again.' (Root cause: Object 'Object Repository/Mobile/DigiBankSG_Login_OR/LoginPage_txtview_InvalidLoginDetails' has attribute 'text' with actual value 'Sorry, you have entered an invalid User ID. Please try again.' instead of expected value 'Sorry, you have entered an valid User ID. Please try again.')]]></system-out>
      <system-err><![CDATA[2018-05-31 12:04:48 - [TEST_SUITE][FAILED] - Customer Login: Test Cases/Mobile/DigibankSG_Login_Module/DigiBankSG_Login_TC001_BlankUserName_ErrorValidation_Fail FAILED because (of) Unable to verify if object 'Object Repository/Mobile/DigiBankSG_Login_OR/LoginPage_txtview_InvalidLoginDetails' has attribute 'text' with value 'Sorry, you have entered an valid User ID. Please try again.' (Root cause: Object 'Object Repository/Mobile/DigiBankSG_Login_OR/LoginPage_txtview_InvalidLoginDetails' has attribute 'text' with actual value 'Sorry, you have entered an invalid User ID. Please try again.' instead of expected value 'Sorry, you have entered an valid User ID. Please try again.')]]></system-err>
   </testsuite>
</testsuites>
