<?xml version="1.0" encoding="UTF-8"?>
<testsuites name="Customer Login" time="113" tests="1" failures="0" errors="0">
   <testsuite name="Customer Login" tests="1" failures="0" errors="0" time="113" timestamp="2018-05-31 14:07:31" hostname="SRAVANIBHARAT - DESKTOP-7OG2TPC" id="Test Suites/Mobile/Customer Login">
      <properties>
         <property name="deviceName" value="emulator-5554 (Android SDK built for x86 - Android 8.1.0)"/>
         <property name="devicePlatform" value=""/>
         <property name="logFolder" value="G:\\Katalon Projects\\DigiBank_Demo\\Reports\\Mobile\\Customer Login\\20180531_140729"/>
         <property name="logFiles" value="G:\\Katalon Projects\\DigiBank_Demo\\Reports\\Mobile\\Customer Login\\20180531_140729\\appium.log, G:\\Katalon Projects\\DigiBank_Demo\\Reports\\Mobile\\Customer Login\\20180531_140729\\execution0.log"/>
         <property name="attachments" value=""/>
         <property name="hostName" value="SRAVANIBHARAT - DESKTOP-7OG2TPC"/>
         <property name="os" value="Windows 10 64bit"/>
         <property name="katalonVersion" value="5.4.1.1"/>
         <property name="deviceOS" value="Android"/>
         <property name="appiumVersion" value="1.8.0"/>
         <property name="deviceModel" value="Android SDK built for x86"/>
         <property name="hostAddress" value="192.168.43.119"/>
         <property name="deviceManufacturer" value="Google"/>
         <property name="deviceId" value="emulator-5554"/>
         <property name="deviceName" value="emulator-5554 (Android SDK built for x86 - Android 8.1.0)"/>
         <property name="deviceOSVersion" value="8.1.0"/>
      </properties>
      <testcase name="Test Cases/Mobile/DigibankSG_Login_Module/DIGIBANKSG-1" classname="Test Cases/Mobile/DigibankSG_Login_Module/DIGIBANKSG-1" status="PASSED">
         <system-out><![CDATA[2018-05-31 14:07:31 - [TEST_CASE][PASSED] - Test Cases/Mobile/DigibankSG_Login_Module/DIGIBANKSG-1: Test Cases/Mobile/DigibankSG_Login_Module/DIGIBANKSG-1

2018-05-31 14:07:32 - [TEST_STEP][PASSED] - startApplication: Started app at: 'G:\APK Files\DBS digibank SG_v2.0.002_apkpure.com.apk'

2018-05-31 14:08:17 - [MESSAGE][PASSED] - Started app at: 'G:\APK Files\DBS digibank SG_v2.0.002_apkpure.com.apk'

2018-05-31 14:08:17 - [TEST_STEP][PASSED] - tap: Tapped on element 'Object Repository/Mobile/DigiBankSG_Landing_OR/LandingPageFirstTimeUse_btn_SeeWhatsNew'

2018-05-31 14:08:28 - [MESSAGE][PASSED] - Tapped on element 'Object Repository/Mobile/DigiBankSG_Landing_OR/LandingPageFirstTimeUse_btn_SeeWhatsNew'

2018-05-31 14:08:28 - [TEST_STEP][PASSED] - delay: Delayed 5 second(s)

2018-05-31 14:08:34 - [MESSAGE][PASSED] - Delayed 5 second(s)

2018-05-31 14:08:34 - [TEST_STEP][PASSED] - tap: Tapped on element 'Object Repository/Mobile/DigiBankSG_Landing_OR/LandingPageFirstTimeUse_img_View5'

2018-05-31 14:08:35 - [MESSAGE][PASSED] - Tapped on element 'Object Repository/Mobile/DigiBankSG_Landing_OR/LandingPageFirstTimeUse_img_View5'

2018-05-31 14:08:35 - [TEST_STEP][PASSED] - delay: Delayed 5 second(s)

2018-05-31 14:08:40 - [MESSAGE][PASSED] - Delayed 5 second(s)

2018-05-31 14:08:40 - [TEST_STEP][PASSED] - tap: Tapped on element 'Object Repository/Mobile/DigiBankSG_Landing_OR/LandingPageFirstTimeUse_txtview_StartNow'

2018-05-31 14:08:41 - [MESSAGE][PASSED] - Tapped on element 'Object Repository/Mobile/DigiBankSG_Landing_OR/LandingPageFirstTimeUse_txtview_StartNow'

2018-05-31 14:08:41 - [TEST_STEP][PASSED] - tap: Tapped on element 'Object Repository/Mobile/DigiBankSG_Landing_OR/LandingPage_txtview_Login'

2018-05-31 14:09:08 - [MESSAGE][PASSED] - Tapped on element 'Object Repository/Mobile/DigiBankSG_Landing_OR/LandingPage_txtview_Login'

2018-05-31 14:09:08 - [TEST_STEP][PASSED] - tap: Tapped on element 'Object Repository/Mobile/DigiBankSG_Login_OR/LoginPage_txtedit_UserID'

2018-05-31 14:09:12 - [MESSAGE][PASSED] - Tapped on element 'Object Repository/Mobile/DigiBankSG_Login_OR/LoginPage_txtedit_UserID'

2018-05-31 14:09:12 - [TEST_STEP][PASSED] - setText: Text '' has been set to element 'Object Repository/Mobile/DigiBankSG_Login_OR/LoginPage_txtedit_UserID'

2018-05-31 14:09:12 - [MESSAGE][WARNING] - Timeout '0' is invalid. Using default page load timeout: '30'

2018-05-31 14:09:14 - [MESSAGE][PASSED] - Text '' has been set to element 'Object Repository/Mobile/DigiBankSG_Login_OR/LoginPage_txtedit_UserID'

2018-05-31 14:09:14 - [TEST_STEP][PASSED] - hideKeyboard: Keyboard is hidden

2018-05-31 14:09:15 - [MESSAGE][PASSED] - Keyboard is hidden

2018-05-31 14:09:15 - [TEST_STEP][PASSED] - tap: Tapped on element 'Object Repository/Mobile/DigiBankSG_Login_OR/LoginPage_txtedit_PIN'

2018-05-31 14:09:15 - [MESSAGE][WARNING] - Timeout '0' is invalid. Using default page load timeout: '30'

2018-05-31 14:09:17 - [MESSAGE][PASSED] - Tapped on element 'Object Repository/Mobile/DigiBankSG_Login_OR/LoginPage_txtedit_PIN'

2018-05-31 14:09:17 - [TEST_STEP][PASSED] - setText: Text '123456' has been set to element 'Object Repository/Mobile/DigiBankSG_Login_OR/LoginPage_txtedit_PIN'

2018-05-31 14:09:17 - [MESSAGE][WARNING] - Timeout '0' is invalid. Using default page load timeout: '30'

2018-05-31 14:09:19 - [MESSAGE][PASSED] - Text '123456' has been set to element 'Object Repository/Mobile/DigiBankSG_Login_OR/LoginPage_txtedit_PIN'

2018-05-31 14:09:19 - [TEST_STEP][PASSED] - hideKeyboard: Keyboard is hidden

2018-05-31 14:09:20 - [MESSAGE][PASSED] - Keyboard is hidden

2018-05-31 14:09:20 - [TEST_STEP][PASSED] - tap: Tapped on element 'Object Repository/Mobile/DigiBankSG_Login_OR/LoginPage_button_Login'

2018-05-31 14:09:20 - [MESSAGE][WARNING] - Timeout '0' is invalid. Using default page load timeout: '30'

2018-05-31 14:09:20 - [MESSAGE][PASSED] - Tapped on element 'Object Repository/Mobile/DigiBankSG_Login_OR/LoginPage_button_Login'

2018-05-31 14:09:20 - [TEST_STEP][PASSED] - verifyElementAttributeValue: Object 'Object Repository/Mobile/DigiBankSG_Login_OR/LoginPage_txtview_InvalidLoginDetails' has attribute 'text' with value 'Sorry, you have entered an invalid User ID. Please try again.'

2018-05-31 14:09:20 - [MESSAGE][WARNING] - Timeout '0' is invalid. Using default page load timeout: '30'

2018-05-31 14:09:21 - [MESSAGE][PASSED] - Object 'Object Repository/Mobile/DigiBankSG_Login_OR/LoginPage_txtview_InvalidLoginDetails' has attribute 'text' with value 'Sorry, you have entered an invalid User ID. Please try again.'

2018-05-31 14:09:21 - [TEST_STEP][PASSED] - closeApplication: Close app successfully

2018-05-31 14:09:24 - [MESSAGE][PASSED] - Close app successfully]]></system-out>
         <system-err><![CDATA[]]></system-err>
      </testcase>
      <system-out><![CDATA[2018-05-31 14:07:31 - [TEST_SUITE][PASSED] - Customer Login: Test Cases/Mobile/DigibankSG_Login_Module/DIGIBANKSG-1]]></system-out>
      <system-err><![CDATA[]]></system-err>
   </testsuite>
</testsuites>
