<?xml version="1.0" encoding="UTF-8"?>
<testsuites name="DigiBankSG_Login" time="3" tests="0" failures="1" errors="0">
   <testsuite name="DigiBankSG_Login" tests="0" failures="1" errors="0" time="3" timestamp="2018-06-03 22:46:54" hostname="SRAVANIBHARAT - DESKTOP-7OG2TPC" id="Test Suites/Mobile/DigiBankSG_Login">
      <properties>
         <property name="deviceName" value="Moto G Plus (5th Gen)"/>
         <property name="devicePlatform" value=""/>
         <property name="logFolder" value="G:\\Katalon Projects\\DigiBank_Demo\\Reports\\Mobile\\DigiBankSG_Login\\20180603_224652"/>
         <property name="logFiles" value="G:\\Katalon Projects\\DigiBank_Demo\\Reports\\Mobile\\DigiBankSG_Login\\20180603_224652\\execution0.log"/>
         <property name="attachments" value=""/>
         <property name="hostName" value="SRAVANIBHARAT - DESKTOP-7OG2TPC"/>
         <property name="os" value="Windows 10 64bit"/>
         <property name="katalonVersion" value="5.4.2.1"/>
         <property name="deviceOS" value="Android"/>
         <property name="deviceModel" value="null"/>
         <property name="hostAddress" value="192.168.0.103"/>
         <property name="deviceManufacturer" value="null"/>
         <property name="deviceId" value="null"/>
         <property name="deviceName" value="Moto G Plus (5th Gen)"/>
         <property name="deviceOSVersion" value="7.0"/>
      </properties>
      <testcase name="Test Cases/Mobile/DigibankSG_Login_Module/DigiBankSG_Login_TC001_BlankUserName_ErrorValidation" classname="Test Cases/Mobile/DigibankSG_Login_Module/DigiBankSG_Login_TC001_BlankUserName_ErrorValidation" status="FAILED">
         <failure type="FAILED" message="Unable to start app at: 'G:\APK Files\DBS digibank SG_v2.0.002_apkpure.com.apk' (Root cause: org.openqa.selenium.SessionNotCreatedException: app must be an absolute URL or path to Kobiton storage
Command duration or timeout: 1.10 seconds
Build info: version: '3.7.1', revision: '8a0099a', time: '2017-11-06T21:07:36.161Z'
System info: host: 'DESKTOP-7OG2TPC', ip: '192.168.0.103', os.name: 'Windows 10', os.arch: 'amd64', os.version: '10.0', java.version: '1.8.0_102'
Driver info: driver.version: SwipeableAndroidDriver)"/>
         <system-out><![CDATA[2018-06-03 22:46:55 - [TEST_CASE][FAILED] - Test Cases/Mobile/DigibankSG_Login_Module/DigiBankSG_Login_TC001_BlankUserName_ErrorValidation: Test Cases/Mobile/DigibankSG_Login_Module/DigiBankSG_Login_TC001_BlankUserName_ErrorValidation FAILED because (of) Unable to start app at: 'G:\APK Files\DBS digibank SG_v2.0.002_apkpure.com.apk' (Root cause: org.openqa.selenium.SessionNotCreatedException: app must be an absolute URL or path to Kobiton storage
Command duration or timeout: 1.10 seconds
Build info: version: '3.7.1', revision: '8a0099a', time: '2017-11-06T21:07:36.161Z'
System info: host: 'DESKTOP-7OG2TPC', ip: '192.168.0.103', os.name: 'Windows 10', os.arch: 'amd64', os.version: '10.0', java.version: '1.8.0_102'
Driver info: driver.version: SwipeableAndroidDriver)

2018-06-03 22:46:55 - [TEST_STEP][PASSED] - Start listener action : sampleBeforeTestCase: Invoke 'com.kms.katalon.core.annotation.BeforeTestCase' method: 'NewTestListener.sampleBeforeTestCase(...)' completed.

2018-06-03 22:46:55 - [TEST_STEP][PASSED] - Statement - println(testCaseContext.getTestCaseId()): null

2018-06-03 22:46:55 - [TEST_STEP][PASSED] - Statement - println(testCaseContext.getTestCaseVariables()): Invoke 'com.kms.katalon.core.annotation.BeforeTestCase' method: 'NewTestListener.sampleBeforeTestCase(...)' completed.

2018-06-03 22:46:56 - [TEST_STEP][FAILED] - startApplication: Unable to start app at: 'G:\APK Files\DBS digibank SG_v2.0.002_apkpure.com.apk' (Root cause: org.openqa.selenium.SessionNotCreatedException: app must be an absolute URL or path to Kobiton storage
Command duration or timeout: 1.10 seconds
Build info: version: '3.7.1', revision: '8a0099a', time: '2017-11-06T21:07:36.161Z'
System info: host: 'DESKTOP-7OG2TPC', ip: '192.168.0.103', os.name: 'Windows 10', os.arch: 'amd64', os.version: '10.0', java.version: '1.8.0_102'
Driver info: driver.version: SwipeableAndroidDriver)

2018-06-03 22:46:58 - [MESSAGE][FAILED] - Unable to start app at: 'G:\APK Files\DBS digibank SG_v2.0.002_apkpure.com.apk' (Root cause: org.openqa.selenium.SessionNotCreatedException: app must be an absolute URL or path to Kobiton storage
Command duration or timeout: 1.10 seconds
Build info: version: '3.7.1', revision: '8a0099a', time: '2017-11-06T21:07:36.161Z'
System info: host: 'DESKTOP-7OG2TPC', ip: '192.168.0.103', os.name: 'Windows 10', os.arch: 'amd64', os.version: '10.0', java.version: '1.8.0_102'
Driver info: driver.version: SwipeableAndroidDriver)]]></system-out>
         <system-err><![CDATA[2018-06-03 22:46:55 - [TEST_CASE][FAILED] - Test Cases/Mobile/DigibankSG_Login_Module/DigiBankSG_Login_TC001_BlankUserName_ErrorValidation: Test Cases/Mobile/DigibankSG_Login_Module/DigiBankSG_Login_TC001_BlankUserName_ErrorValidation FAILED because (of) Unable to start app at: 'G:\APK Files\DBS digibank SG_v2.0.002_apkpure.com.apk' (Root cause: org.openqa.selenium.SessionNotCreatedException: app must be an absolute URL or path to Kobiton storage
Command duration or timeout: 1.10 seconds
Build info: version: '3.7.1', revision: '8a0099a', time: '2017-11-06T21:07:36.161Z'
System info: host: 'DESKTOP-7OG2TPC', ip: '192.168.0.103', os.name: 'Windows 10', os.arch: 'amd64', os.version: '10.0', java.version: '1.8.0_102'
Driver info: driver.version: SwipeableAndroidDriver)]]></system-err>
      </testcase>
      <system-out><![CDATA[2018-06-03 22:46:54 - [TEST_SUITE][FAILED] - DigiBankSG_Login: Test Cases/Mobile/DigibankSG_Login_Module/DigiBankSG_Login_TC001_BlankUserName_ErrorValidation FAILED because (of) Unable to start app at: 'G:\APK Files\DBS digibank SG_v2.0.002_apkpure.com.apk' (Root cause: org.openqa.selenium.SessionNotCreatedException: app must be an absolute URL or path to Kobiton storage
Command duration or timeout: 1.10 seconds
Build info: version: '3.7.1', revision: '8a0099a', time: '2017-11-06T21:07:36.161Z'
System info: host: 'DESKTOP-7OG2TPC', ip: '192.168.0.103', os.name: 'Windows 10', os.arch: 'amd64', os.version: '10.0', java.version: '1.8.0_102'
Driver info: driver.version: SwipeableAndroidDriver)]]></system-out>
      <system-err><![CDATA[2018-06-03 22:46:54 - [TEST_SUITE][FAILED] - DigiBankSG_Login: Test Cases/Mobile/DigibankSG_Login_Module/DigiBankSG_Login_TC001_BlankUserName_ErrorValidation FAILED because (of) Unable to start app at: 'G:\APK Files\DBS digibank SG_v2.0.002_apkpure.com.apk' (Root cause: org.openqa.selenium.SessionNotCreatedException: app must be an absolute URL or path to Kobiton storage
Command duration or timeout: 1.10 seconds
Build info: version: '3.7.1', revision: '8a0099a', time: '2017-11-06T21:07:36.161Z'
System info: host: 'DESKTOP-7OG2TPC', ip: '192.168.0.103', os.name: 'Windows 10', os.arch: 'amd64', os.version: '10.0', java.version: '1.8.0_102'
Driver info: driver.version: SwipeableAndroidDriver)]]></system-err>
   </testsuite>
</testsuites>
