<?xml version="1.0" encoding="UTF-8"?>
<testsuites name="Customer Login" time="116" tests="1" failures="0" errors="0">
   <testsuite name="Customer Login" tests="1" failures="0" errors="0" time="116" timestamp="2018-05-31 13:59:01" hostname="SRAVANIBHARAT - DESKTOP-7OG2TPC" id="Test Suites/Mobile/Customer Login">
      <properties>
         <property name="deviceName" value="emulator-5554 (Android SDK built for x86 - Android 8.1.0)"/>
         <property name="devicePlatform" value=""/>
         <property name="logFolder" value="G:\\Katalon Projects\\DigiBank_Demo\\Reports\\Mobile\\Customer Login\\20180531_135859"/>
         <property name="logFiles" value="G:\\Katalon Projects\\DigiBank_Demo\\Reports\\Mobile\\Customer Login\\20180531_135859\\appium.log, G:\\Katalon Projects\\DigiBank_Demo\\Reports\\Mobile\\Customer Login\\20180531_135859\\execution0.log"/>
         <property name="attachments" value=""/>
         <property name="hostName" value="SRAVANIBHARAT - DESKTOP-7OG2TPC"/>
         <property name="os" value="Windows 10 64bit"/>
         <property name="katalonVersion" value="5.4.1.1"/>
         <property name="deviceOS" value="Android"/>
         <property name="appiumVersion" value="1.8.0"/>
         <property name="deviceModel" value="Android SDK built for x86"/>
         <property name="hostAddress" value="192.168.43.119"/>
         <property name="deviceManufacturer" value="Google"/>
         <property name="deviceId" value="emulator-5554"/>
         <property name="deviceName" value="emulator-5554 (Android SDK built for x86 - Android 8.1.0)"/>
         <property name="deviceOSVersion" value="8.1.0"/>
      </properties>
      <testcase name="Test Cases/Mobile/DigibankSG_Login_Module/DigiBankSG_Login_TC001_BlankUserName_ErrorValidation" classname="Test Cases/Mobile/DigibankSG_Login_Module/DigiBankSG_Login_TC001_BlankUserName_ErrorValidation" status="PASSED">
         <system-out><![CDATA[2018-05-31 13:59:01 - [TEST_CASE][PASSED] - Test Cases/Mobile/DigibankSG_Login_Module/DigiBankSG_Login_TC001_BlankUserName_ErrorValidation: Test Cases/Mobile/DigibankSG_Login_Module/DigiBankSG_Login_TC001_BlankUserName_ErrorValidation

2018-05-31 13:59:02 - [TEST_STEP][PASSED] - comment: Feature: Customer Login

2018-05-31 13:59:02 - [TEST_STEP][PASSED] - startApplication: Started app at: 'G:\APK Files\DBS digibank SG_v2.0.002_apkpure.com.apk'

2018-05-31 13:59:56 - [MESSAGE][PASSED] - Started app at: 'G:\APK Files\DBS digibank SG_v2.0.002_apkpure.com.apk'

2018-05-31 13:59:56 - [TEST_STEP][PASSED] - tap: Tapped on element 'Object Repository/Mobile/DigiBankSG_Landing_OR/LandingPageFirstTimeUse_btn_SeeWhatsNew'

2018-05-31 14:00:05 - [MESSAGE][PASSED] - Tapped on element 'Object Repository/Mobile/DigiBankSG_Landing_OR/LandingPageFirstTimeUse_btn_SeeWhatsNew'

2018-05-31 14:00:05 - [TEST_STEP][PASSED] - delay: Delayed 5 second(s)

2018-05-31 14:00:10 - [MESSAGE][PASSED] - Delayed 5 second(s)

2018-05-31 14:00:10 - [TEST_STEP][PASSED] - tap: Tapped on element 'Object Repository/Mobile/DigiBankSG_Landing_OR/LandingPageFirstTimeUse_img_View5'

2018-05-31 14:00:12 - [MESSAGE][PASSED] - Tapped on element 'Object Repository/Mobile/DigiBankSG_Landing_OR/LandingPageFirstTimeUse_img_View5'

2018-05-31 14:00:12 - [TEST_STEP][PASSED] - delay: Delayed 5 second(s)

2018-05-31 14:00:17 - [MESSAGE][PASSED] - Delayed 5 second(s)

2018-05-31 14:00:17 - [TEST_STEP][PASSED] - tap: Tapped on element 'Object Repository/Mobile/DigiBankSG_Landing_OR/LandingPageFirstTimeUse_txtview_StartNow'

2018-05-31 14:00:18 - [MESSAGE][PASSED] - Tapped on element 'Object Repository/Mobile/DigiBankSG_Landing_OR/LandingPageFirstTimeUse_txtview_StartNow'

2018-05-31 14:00:18 - [TEST_STEP][PASSED] - comment:   As a mobile customer of digiSG, I want to Login, so that I can see my banking profile.

2018-05-31 14:00:18 - [TEST_STEP][PASSED] - tap: Tapped on element 'Object Repository/Mobile/DigiBankSG_Landing_OR/LandingPage_txtview_Login'

2018-05-31 14:00:40 - [MESSAGE][PASSED] - Tapped on element 'Object Repository/Mobile/DigiBankSG_Landing_OR/LandingPage_txtview_Login'

2018-05-31 14:00:40 - [TEST_STEP][PASSED] - comment:   Scenario: Invalid Customer Login

2018-05-31 14:00:40 - [TEST_STEP][PASSED] - comment:     Given invalid username and password on mobile app

2018-05-31 14:00:40 - [TEST_STEP][PASSED] - comment:     When the username phrase "test" and password phrase "123456" are entered

2018-05-31 14:00:40 - [TEST_STEP][PASSED] - tap: Tapped on element 'Object Repository/Mobile/DigiBankSG_Login_OR/LoginPage_txtedit_UserID'

2018-05-31 14:00:44 - [MESSAGE][PASSED] - Tapped on element 'Object Repository/Mobile/DigiBankSG_Login_OR/LoginPage_txtedit_UserID'

2018-05-31 14:00:44 - [TEST_STEP][PASSED] - setText: Text '' has been set to element 'Object Repository/Mobile/DigiBankSG_Login_OR/LoginPage_txtedit_UserID'

2018-05-31 14:00:45 - [MESSAGE][WARNING] - Timeout '0' is invalid. Using default page load timeout: '30'

2018-05-31 14:00:46 - [MESSAGE][PASSED] - Text '' has been set to element 'Object Repository/Mobile/DigiBankSG_Login_OR/LoginPage_txtedit_UserID'

2018-05-31 14:00:46 - [TEST_STEP][PASSED] - hideKeyboard: Keyboard is hidden

2018-05-31 14:00:47 - [MESSAGE][PASSED] - Keyboard is hidden

2018-05-31 14:00:47 - [TEST_STEP][PASSED] - tap: Tapped on element 'Object Repository/Mobile/DigiBankSG_Login_OR/LoginPage_txtedit_PIN'

2018-05-31 14:00:47 - [MESSAGE][WARNING] - Timeout '0' is invalid. Using default page load timeout: '30'

2018-05-31 14:00:49 - [MESSAGE][PASSED] - Tapped on element 'Object Repository/Mobile/DigiBankSG_Login_OR/LoginPage_txtedit_PIN'

2018-05-31 14:00:49 - [TEST_STEP][PASSED] - setText: Text '123456' has been set to element 'Object Repository/Mobile/DigiBankSG_Login_OR/LoginPage_txtedit_PIN'

2018-05-31 14:00:49 - [MESSAGE][WARNING] - Timeout '0' is invalid. Using default page load timeout: '30'

2018-05-31 14:00:51 - [MESSAGE][PASSED] - Text '123456' has been set to element 'Object Repository/Mobile/DigiBankSG_Login_OR/LoginPage_txtedit_PIN'

2018-05-31 14:00:51 - [TEST_STEP][PASSED] - hideKeyboard: Keyboard is hidden

2018-05-31 14:00:51 - [MESSAGE][PASSED] - Keyboard is hidden

2018-05-31 14:00:52 - [TEST_STEP][PASSED] - tap: Tapped on element 'Object Repository/Mobile/DigiBankSG_Login_OR/LoginPage_button_Login'

2018-05-31 14:00:52 - [MESSAGE][WARNING] - Timeout '0' is invalid. Using default page load timeout: '30'

2018-05-31 14:00:52 - [MESSAGE][PASSED] - Tapped on element 'Object Repository/Mobile/DigiBankSG_Login_OR/LoginPage_button_Login'

2018-05-31 14:00:52 - [TEST_STEP][PASSED] - comment:     Then results for customer "test" are shown as failed with "invalid username/password details" error message

2018-05-31 14:00:52 - [TEST_STEP][PASSED] - verifyElementAttributeValue: Object 'Object Repository/Mobile/DigiBankSG_Login_OR/LoginPage_txtview_InvalidLoginDetails' has attribute 'text' with value 'Sorry, you have entered an invalid User ID. Please try again.'

2018-05-31 14:00:52 - [MESSAGE][WARNING] - Timeout '0' is invalid. Using default page load timeout: '30'

2018-05-31 14:00:53 - [MESSAGE][PASSED] - Object 'Object Repository/Mobile/DigiBankSG_Login_OR/LoginPage_txtview_InvalidLoginDetails' has attribute 'text' with value 'Sorry, you have entered an invalid User ID. Please try again.'

2018-05-31 14:00:53 - [TEST_STEP][PASSED] - closeApplication: Close app successfully

2018-05-31 14:00:57 - [MESSAGE][PASSED] - Close app successfully]]></system-out>
         <system-err><![CDATA[]]></system-err>
      </testcase>
      <system-out><![CDATA[2018-05-31 13:59:01 - [TEST_SUITE][PASSED] - Customer Login: Test Cases/Mobile/DigibankSG_Login_Module/DigiBankSG_Login_TC001_BlankUserName_ErrorValidation]]></system-out>
      <system-err><![CDATA[]]></system-err>
   </testsuite>
</testsuites>
