<?xml version="1.0" encoding="UTF-8"?>
<testsuites name="DigiBankSG_Login" time="250" tests="1" failures="0" errors="0">
   <testsuite name="DigiBankSG_Login" tests="1" failures="0" errors="0" time="250" timestamp="2018-06-01 12:07:42" hostname="SRAVANIBHARAT - DESKTOP-7OG2TPC" id="Test Suites/Mobile/DigiBankSG_Login">
      <properties>
         <property name="deviceName" value="emulator-5554 (Android SDK built for x86 - Android 8.1.0)"/>
         <property name="devicePlatform" value=""/>
         <property name="logFolder" value="G:\\Katalon Projects\\DigiBank_Demo\\Reports\\Mobile\\DigiBankSG_Login\\20180601_120738"/>
         <property name="logFiles" value="G:\\Katalon Projects\\DigiBank_Demo\\Reports\\Mobile\\DigiBankSG_Login\\20180601_120738\\appium.log, G:\\Katalon Projects\\DigiBank_Demo\\Reports\\Mobile\\DigiBankSG_Login\\20180601_120738\\execution0.log"/>
         <property name="attachments" value=""/>
         <property name="hostName" value="SRAVANIBHARAT - DESKTOP-7OG2TPC"/>
         <property name="os" value="Windows 10 64bit"/>
         <property name="katalonVersion" value="5.4.1.1"/>
         <property name="deviceOS" value="Android"/>
         <property name="appiumVersion" value="1.8.0"/>
         <property name="deviceModel" value="Android SDK built for x86"/>
         <property name="hostAddress" value="192.168.43.119"/>
         <property name="deviceManufacturer" value="Google"/>
         <property name="deviceId" value="emulator-5554"/>
         <property name="deviceName" value="emulator-5554 (Android SDK built for x86 - Android 8.1.0)"/>
         <property name="deviceOSVersion" value="8.1.0"/>
      </properties>
      <testcase name="Test Cases/Mobile/DigibankSG_Login_Module/DigiBankSG_Login_TC001_BlankUserName_ErrorValidation" classname="Test Cases/Mobile/DigibankSG_Login_Module/DigiBankSG_Login_TC001_BlankUserName_ErrorValidation" status="PASSED">
         <system-out><![CDATA[2018-06-01 12:07:43 - [TEST_CASE][PASSED] - Test Cases/Mobile/DigibankSG_Login_Module/DigiBankSG_Login_TC001_BlankUserName_ErrorValidation: Test Cases/Mobile/DigibankSG_Login_Module/DigiBankSG_Login_TC001_BlankUserName_ErrorValidation

2018-06-01 12:07:43 - [TEST_STEP][PASSED] - Start listener action : sampleBeforeTestCase: Invoke 'com.kms.katalon.core.annotation.BeforeTestCase' method: 'NewTestListener.sampleBeforeTestCase(...)' completed.

2018-06-01 12:07:43 - [TEST_STEP][PASSED] - Statement - println(testCaseContext.getTestCaseId()): null

2018-06-01 12:07:43 - [TEST_STEP][PASSED] - Statement - println(testCaseContext.getTestCaseVariables()): Invoke 'com.kms.katalon.core.annotation.BeforeTestCase' method: 'NewTestListener.sampleBeforeTestCase(...)' completed.

2018-06-01 12:07:43 - [TEST_STEP][PASSED] - startApplication: Started app at: 'G:\APK Files\DBS digibank SG_v2.0.002_apkpure.com.apk'

2018-06-01 12:09:08 - [MESSAGE][PASSED] - Started app at: 'G:\APK Files\DBS digibank SG_v2.0.002_apkpure.com.apk'

2018-06-01 12:09:08 - [TEST_STEP][PASSED] - tap: Tapped on element 'Object Repository/Mobile/DigiBankSG_Landing_OR/LandingPageFirstTimeUse_btn_SeeWhatsNew'

2018-06-01 12:09:16 - [MESSAGE][PASSED] - Tapped on element 'Object Repository/Mobile/DigiBankSG_Landing_OR/LandingPageFirstTimeUse_btn_SeeWhatsNew'

2018-06-01 12:09:16 - [TEST_STEP][PASSED] - delay: Delayed 5 second(s)

2018-06-01 12:09:21 - [MESSAGE][PASSED] - Delayed 5 second(s)

2018-06-01 12:09:21 - [TEST_STEP][PASSED] - tap: Tapped on element 'Object Repository/Mobile/DigiBankSG_Landing_OR/LandingPageFirstTimeUse_img_View5'

2018-06-01 12:09:23 - [MESSAGE][PASSED] - Tapped on element 'Object Repository/Mobile/DigiBankSG_Landing_OR/LandingPageFirstTimeUse_img_View5'

2018-06-01 12:09:23 - [TEST_STEP][PASSED] - delay: Delayed 5 second(s)

2018-06-01 12:09:28 - [MESSAGE][PASSED] - Delayed 5 second(s)

2018-06-01 12:09:28 - [TEST_STEP][PASSED] - tap: Tapped on element 'Object Repository/Mobile/DigiBankSG_Landing_OR/LandingPageFirstTimeUse_txtview_StartNow'

2018-06-01 12:09:29 - [MESSAGE][PASSED] - Tapped on element 'Object Repository/Mobile/DigiBankSG_Landing_OR/LandingPageFirstTimeUse_txtview_StartNow'

2018-06-01 12:09:29 - [TEST_STEP][PASSED] - tap: Tapped on element 'Object Repository/Mobile/DigiBankSG_Landing_OR/LandingPage_txtview_Login'

2018-06-01 12:11:33 - [MESSAGE][PASSED] - Tapped on element 'Object Repository/Mobile/DigiBankSG_Landing_OR/LandingPage_txtview_Login'

2018-06-01 12:11:33 - [TEST_STEP][PASSED] - tap: Tapped on element 'Object Repository/Mobile/DigiBankSG_Login_OR/LoginPage_txtedit_UserID'

2018-06-01 12:11:41 - [MESSAGE][PASSED] - Tapped on element 'Object Repository/Mobile/DigiBankSG_Login_OR/LoginPage_txtedit_UserID'

2018-06-01 12:11:41 - [TEST_STEP][PASSED] - setText: Text '' has been set to element 'Object Repository/Mobile/DigiBankSG_Login_OR/LoginPage_txtedit_UserID'

2018-06-01 12:11:41 - [MESSAGE][WARNING] - Timeout '0' is invalid. Using default page load timeout: '30'

2018-06-01 12:11:43 - [MESSAGE][PASSED] - Text '' has been set to element 'Object Repository/Mobile/DigiBankSG_Login_OR/LoginPage_txtedit_UserID'

2018-06-01 12:11:43 - [TEST_STEP][PASSED] - hideKeyboard: Keyboard is hidden

2018-06-01 12:11:43 - [MESSAGE][PASSED] - Keyboard is hidden

2018-06-01 12:11:44 - [TEST_STEP][PASSED] - tap: Tapped on element 'Object Repository/Mobile/DigiBankSG_Login_OR/LoginPage_txtedit_PIN'

2018-06-01 12:11:44 - [MESSAGE][WARNING] - Timeout '0' is invalid. Using default page load timeout: '30'

2018-06-01 12:11:46 - [MESSAGE][PASSED] - Tapped on element 'Object Repository/Mobile/DigiBankSG_Login_OR/LoginPage_txtedit_PIN'

2018-06-01 12:11:46 - [TEST_STEP][PASSED] - setText: Text '123456' has been set to element 'Object Repository/Mobile/DigiBankSG_Login_OR/LoginPage_txtedit_PIN'

2018-06-01 12:11:46 - [MESSAGE][WARNING] - Timeout '0' is invalid. Using default page load timeout: '30'

2018-06-01 12:11:47 - [MESSAGE][PASSED] - Text '123456' has been set to element 'Object Repository/Mobile/DigiBankSG_Login_OR/LoginPage_txtedit_PIN'

2018-06-01 12:11:47 - [TEST_STEP][PASSED] - hideKeyboard: Keyboard is hidden

2018-06-01 12:11:48 - [MESSAGE][PASSED] - Keyboard is hidden

2018-06-01 12:11:48 - [TEST_STEP][PASSED] - tap: Tapped on element 'Object Repository/Mobile/DigiBankSG_Login_OR/LoginPage_button_Login'

2018-06-01 12:11:48 - [MESSAGE][WARNING] - Timeout '0' is invalid. Using default page load timeout: '30'

2018-06-01 12:11:49 - [MESSAGE][PASSED] - Tapped on element 'Object Repository/Mobile/DigiBankSG_Login_OR/LoginPage_button_Login'

2018-06-01 12:11:49 - [TEST_STEP][PASSED] - verifyElementAttributeValue: Object 'Object Repository/Mobile/DigiBankSG_Login_OR/LoginPage_txtview_InvalidLoginDetails' has attribute 'text' with value 'Sorry, you have entered an invalid User ID. Please try again.'

2018-06-01 12:11:49 - [MESSAGE][WARNING] - Timeout '0' is invalid. Using default page load timeout: '30'

2018-06-01 12:11:50 - [MESSAGE][PASSED] - Object 'Object Repository/Mobile/DigiBankSG_Login_OR/LoginPage_txtview_InvalidLoginDetails' has attribute 'text' with value 'Sorry, you have entered an invalid User ID. Please try again.'

2018-06-01 12:11:50 - [TEST_STEP][PASSED] - closeApplication: Close app successfully

2018-06-01 12:11:52 - [MESSAGE][PASSED] - Close app successfully]]></system-out>
         <system-err><![CDATA[]]></system-err>
      </testcase>
      <system-out><![CDATA[2018-06-01 12:07:42 - [TEST_SUITE][PASSED] - DigiBankSG_Login: Test Cases/Mobile/DigibankSG_Login_Module/DigiBankSG_Login_TC001_BlankUserName_ErrorValidation]]></system-out>
      <system-err><![CDATA[]]></system-err>
   </testsuite>
</testsuites>
